This is pdfTeXk, Version 3.141592-1.40.3 (Web2C 7.5.6) (format=pdflatex 2013.9.9)  16 OCT 2014 14:57
entering extended mode
 %&-line parsing enabled.
**window.tex
(./window.tex
LaTeX2e <2005/12/01>
Babel <v3.8h> and hyphenation patterns for english, usenglishmax, dumylang, noh
yphenation, arabic, basque, bulgarian, coptic, welsh, czech, slovak, german, ng
erman, danish, esperanto, spanish, catalan, galician, estonian, farsi, finnish,
 french, greek, monogreek, ancientgreek, croatian, hungarian, interlingua, ibyc
us, indonesian, icelandic, italian, latin, mongolian, dutch, norsk, polish, por
tuguese, pinyin, romanian, russian, slovenian, uppersorbian, serbian, swedish, 
turkish, ukenglish, ukrainian, loaded.
(/usr/share/texmf/tex/latex/emulateapj/emulateapj.cls
Document Class: emulateapj 
\bibbaselineskip=\skip41
(./revtex4.cls
Document Class: revtex4 2001/08/03 v4.0 (http://publish.aps.org/revtex4/ for do
cumentation)
 Copyright (c) 2001 The American Physical Society.
 mailto:revtex@aps.org
 Licensed under the LPPL:
http://www.ctan.org/tex-archive/macros/latex/base/lppl.txt
 Arthur Ogawa <ogawa@teleport.com>
 Based on work by David Carlisle <david@dcarlisle.demon.co.uk>.
ltxutil: portions licensed from W. E. Baxter (web@superscript.com)
Class revtex4 Info: Repairing broken LateX \@sect on input line 596.
\intertabularlinepenalty=\count79
\@tbpen=\count80
\@arstrutbox@hline=\box26
Class revtex4 Info: Repairing broken LaTeX \@xbitor on input line 1610.
ltxgrid: portions licensed from W. E. Baxter (web@superscript.com)
\c@linecount=\count81
\output=\toks14
\@protection@box=\box27
\@topmark@saved=\toks15
\footins@saved=\box28
\pagesofar=\box29
\footbox=\box30
\pagegrid@col=\count82
Class revtex4 Info: Incorporating package {textcase}  [1998/11/12 v0.06 Text on
ly upper/lower case changing (DPC)]. on input line 3682.
(/usr/share/texmf/tex/latex/html/url.sty
Package: url 1999/03/02  ver 1.4  Verb mode for urls, email addresses, and file
 names
)
\c@affil=\count83
\absbox=\box31
\c@part=\count84
\c@section=\count85
\c@subsection=\count86
\c@subsubsection=\count87
\c@paragraph=\count88
\c@subparagraph=\count89
\abovecaptionskip=\skip42
\belowcaptionskip=\skip43
\c@figure=\count90
\c@table=\count91

(/usr/share/texmf/tex/latex/natbib/natbib.sty
Package: natbib 2007/02/05 8.0 (PWD)
\bibhang=\skip44
\bibsep=\skip45
LaTeX Info: Redefining \cite on input line 602.
\c@NAT@ctr=\count92
)
\widetext@top=\box32
\widetext@bot=\box33
 (./revsymb.sty
Package: revsymb 2001/08/03 v4.0 (http://publish.aps.org/revtex4/ for documenta
tion)
LaTeX Info: Redefining \REV@mathfrak on input line 118.
))

Class revtex4 Warning: No Society specified, using generic APS style.

(./aps.rtx.tex
File: aps.rtx 2001/08/03 v4.0 (http://publish.aps.org/revtex4/ for documentatio
n)
) (./10pt.rtx.tex
File: 10pt.rtx 2001/08/03 v4.0 (http://publish.aps.org/revtex4/ for documentati
on)
) (/usr/share/texmf/tex/latex/base/latexsym.sty
Package: latexsym 1998/08/17 v2.2e Standard LaTeX package (lasy symbols)
\symlasy=\mathgroup4
LaTeX Font Info:    Overwriting symbol font `lasy' in version `bold'
(Font)                  U/lasy/m/n --> U/lasy/b/n on input line 47.
) (/usr/share/texmf/tex/latex/graphics/graphicx.sty
Package: graphicx 1999/02/16 v1.0f Enhanced LaTeX Graphics (DPC,SPQR)

(/usr/share/texmf/tex/latex/graphics/keyval.sty
Package: keyval 1999/03/16 v1.13 key=value parser (DPC)
\KV@toks@=\toks16
)
(/usr/share/texmf/tex/latex/graphics/graphics.sty
Package: graphics 2006/02/20 v1.0o Standard LaTeX Graphics (DPC,SPQR)

(/usr/share/texmf/tex/latex/graphics/trig.sty
Package: trig 1999/03/16 v1.09 sin cos tan (DPC)
)
(/usr/share/texmf/tex/latex/config/graphics.cfg
File: graphics.cfg 2007/01/18 v1.5 graphics configuration of teTeX/TeXLive
)
Package graphics Info: Driver file: pdftex.def on input line 90.

(/usr/share/texmf/tex/latex/pdftex-def/pdftex.def
File: pdftex.def 2007/01/08 v0.04d Graphics/color for pdfTeX
\Gread@gobject=\count93
))
\Gin@req@height=\dimen102
\Gin@req@width=\dimen103
)
(/usr/share/texmf/tex/latex/amsfonts/amssymb.sty
Package: amssymb 2002/01/22 v2.2d

(/usr/share/texmf/tex/latex/amsfonts/amsfonts.sty
Package: amsfonts 2001/10/25 v2.2f
\@emptytoks=\toks17
\symAMSa=\mathgroup5
\symAMSb=\mathgroup6
LaTeX Font Info:    Overwriting math alphabet `\mathfrak' in version `bold'
(Font)                  U/euf/m/n --> U/euf/b/n on input line 132.
LaTeX Info: Redefining \frak on input line 135.
LaTeX Info: Redefining \Bbb on input line 137.
))
(/usr/share/texmf/tex/latex/tools/longtable.sty
Package: longtable 2004/02/01 v4.11 Multi-page Table package (DPC)
\LTleft=\skip46
\LTright=\skip47
\LTpre=\skip48
\LTpost=\skip49
\LTchunksize=\count94
\LTcapwidth=\dimen104
\LT@head=\box34
\LT@firsthead=\box35
\LT@foot=\box36
\LT@lastfoot=\box37
\LT@cols=\count95
\LT@rows=\count96
\c@LT@tables=\count97
\c@LT@chunks=\count98
\LT@p@ftn=\toks18
)
(/usr/share/texmf/tex/generic/epsf/epsf.sty
This is `epsf.tex' v2.7.3 <23 July 2005>
\epsffilein=\read1
\epsfframemargin=\dimen105
\epsfframethickness=\dimen106
\epsfrsize=\dimen107
\epsftmp=\dimen108
\epsftsize=\dimen109
\epsfxsize=\dimen110
\epsfysize=\dimen111
\pspoints=\dimen112
)
\c@front@matter@foot@note=\count99
\alt@affil@toks=\toks19
\alt@affil@toks@count=\toks20
\keys@width=\skip50
\c@lastfootnote=\count100
\c@remember@figure@num=\count101
\c@remember@table@num=\count102
\bibindent=\dimen113
\plot@width=\skip51
\c@table@save=\count103
\table@note@skip=\skip52
\deluxe@table@width=\skip53
\@d@t@a=\skip54
\c@deluxe@table@num=\count104
\abovedeluxetableskip=\skip55
\belowdeluxetableskip=\skip56
\DT@p@ftn=\toks21
\pt@column=\count105
\pt@ncol=\count106
) (/usr/share/texmf/tex/latex/amsmath/amsmath.sty
Package: amsmath 2000/07/18 v2.13 AMS math features
\@mathmargin=\skip57

For additional information on amsmath, use the `?' option.
(/usr/share/texmf/tex/latex/amsmath/amstext.sty
Package: amstext 2000/06/29 v2.01

(/usr/share/texmf/tex/latex/amsmath/amsgen.sty
File: amsgen.sty 1999/11/30 v2.0
\@emptytoks=\toks22
\ex@=\dimen114
))
(/usr/share/texmf/tex/latex/amsmath/amsbsy.sty
Package: amsbsy 1999/11/29 v1.2d
\pmbraise@=\dimen115
)
(/usr/share/texmf/tex/latex/amsmath/amsopn.sty
Package: amsopn 1999/12/14 v2.01 operator names
)
\inf@bad=\count107
LaTeX Info: Redefining \frac on input line 211.
\uproot@=\count108
\leftroot@=\count109
LaTeX Info: Redefining \overline on input line 307.
\classnum@=\count110
\DOTSCASE@=\count111
LaTeX Info: Redefining \ldots on input line 379.
LaTeX Info: Redefining \dots on input line 382.
LaTeX Info: Redefining \cdots on input line 467.
\Mathstrutbox@=\box38
\strutbox@=\box39
\big@size=\dimen116
LaTeX Font Info:    Redeclaring font encoding OML on input line 567.
LaTeX Font Info:    Redeclaring font encoding OMS on input line 568.
\macc@depth=\count112
\c@MaxMatrixCols=\count113
\dotsspace@=\muskip10
\c@parentequation=\count114
\dspbrk@lvl=\count115
\tag@help=\toks23
\row@=\count116
\column@=\count117
\maxfields@=\count118
\andhelp@=\toks24
\eqnshift@=\dimen117
\alignsep@=\dimen118
\tagshift@=\dimen119
\tagwidth@=\dimen120
\totwidth@=\dimen121
\lineht@=\dimen122
\@envbody=\toks25
\multlinegap=\skip58
\multlinetaggap=\skip59
\mathdisplay@stack=\toks26
LaTeX Info: Redefining \[ on input line 2666.
LaTeX Info: Redefining \] on input line 2667.
) (./aas_macros.sty)
(/usr/share/texmf/tex/latex/ltxmisc/ulem.sty
\UL@box=\box40
\UL@hyphenbox=\box41
\UL@skip=\skip60
\UL@hook=\toks27
\UL@pe=\count119
\UL@pixel=\dimen123
\ULC@box=\box42
Package: ulem 2000/05/26
\ULdepth=\dimen124
)
(/usr/share/texmf/tex/latex/graphics/color.sty
Package: color 2005/11/14 v1.0j Standard LaTeX Color (DPC)

(/usr/share/texmf/tex/latex/config/color.cfg
File: color.cfg 2007/01/18 v1.5 color configuration of teTeX/TeXLive
)
Package color Info: Driver file: pdftex.def on input line 130.
)

LaTeX Warning: Unused global option(s):
    [twocolumns].

(./window.aux

LaTeX Warning: Label `eq:heating_rate0' multiply defined.


LaTeX Warning: Label `eq:heating_rate0' multiply defined.


LaTeX Warning: Label `eq:heat_fluc_newt1' multiply defined.


LaTeX Warning: Label `eq:FT_delta' multiply defined.


LaTeX Warning: Label `eq:heat_fluc0' multiply defined.

)
\openout1 = `window.aux'.

LaTeX Font Info:    Checking defaults for OML/cmm/m/it on input line 24.
LaTeX Font Info:    ... okay on input line 24.
LaTeX Font Info:    Checking defaults for T1/cmr/m/n on input line 24.
LaTeX Font Info:    ... okay on input line 24.
LaTeX Font Info:    Checking defaults for OT1/cmr/m/n on input line 24.
LaTeX Font Info:    ... okay on input line 24.
LaTeX Font Info:    Checking defaults for OMS/cmsy/m/n on input line 24.
LaTeX Font Info:    ... okay on input line 24.
LaTeX Font Info:    Checking defaults for OMX/cmex/m/n on input line 24.
LaTeX Font Info:    ... okay on input line 24.
LaTeX Font Info:    Checking defaults for U/cmr/m/n on input line 24.
LaTeX Font Info:    ... okay on input line 24.
Class revtex4 Info: Patching LaTeX tabular. on input line 24.
Class revtex4 Info: Patching unrecognized longtable package. (Proceeding with f
ingers crossed) on input line 24.
Class revtex4 Info: cite was not loaded (OK!) on input line 24.
Class revtex4 Info: multicol was not loaded (OK!) on input line 24.
LaTeX Font Info:    Try loading font information for U+lasy on input line 41.
 (/usr/share/texmf/tex/latex/base/ulasy.fd
File: ulasy.fd 1998/08/17 v2.2e LaTeX symbol font definitions
)
LaTeX Font Info:    Try loading font information for U+msa on input line 41.

(/usr/share/texmf/tex/latex/amsfonts/umsa.fd
File: umsa.fd 2002/01/19 v2.2g AMS font definitions
)
LaTeX Font Info:    Try loading font information for U+msb on input line 41.

(/usr/share/texmf/tex/latex/amsfonts/umsb.fd
File: umsb.fd 2002/01/19 v2.2g AMS font definitions
)
Underfull \hbox (badness 1097) in paragraph at lines 42--43
|   []   |   []   |   []   |   []   |   []   |   []   |   []
 []


LaTeX Font Warning: Font shape `OT1/cmr/bx/sc' undefined
(Font)              using `OT1/cmr/bx/n' instead on input line 44.

[1{/var/lib/texmf/fonts/map/pdftex/updmap/pdftex.map}] [2] [3]
<window_gal_qso-eps-converted-to.pdf, id=30, 361.35pt x 361.35pt>
File: window_gal_qso-eps-converted-to.pdf Graphic file (type pdf)

<use window_gal_qso-eps-converted-to.pdf>
Underfull \hbox (badness 10000) in paragraph at lines 160--160
$[]$
 []


Underfull \hbox (badness 10000) in paragraph at lines 160--160

 []


LaTeX Warning: `h' float specifier changed to `ht'.

[4 <./window_gal_qso-eps-converted-to.pdf>]
<data_rho_z3_qso4.png, id=41, 433.62pt x 325.215pt>
File: data_rho_z3_qso4.png Graphic file (type png)
 <use data_rho_z3_qso4.png>
<data_rho_z1_qso4.png, id=42, 433.62pt x 325.215pt>
File: data_rho_z1_qso4.png Graphic file (type png)
 <use data_rho_z1_qso4.png>
<data_delta_z3_gal2.png, id=43, 433.62pt x 325.215pt>
File: data_delta_z3_gal2.png Graphic file (type png)

<use data_delta_z3_gal2.png>
<data_delta_z1_gal2.png, id=44, 433.62pt x 325.215pt>
File: data_delta_z1_gal2.png Graphic file (type png)

<use data_delta_z1_gal2.png>
<data_delta_z3_qso4.png, id=45, 433.62pt x 325.215pt>
File: data_delta_z3_qso4.png Graphic file (type png)

<use data_delta_z3_qso4.png>
<data_delta_z1_qso4.png, id=46, 433.62pt x 325.215pt>
File: data_delta_z1_qso4.png Graphic file (type png)

<use data_delta_z1_qso4.png>
Underfull \hbox (badness 10000) in paragraph at lines 197--197
$[]$
 []


Underfull \hbox (badness 10000) in paragraph at lines 197--197

 []

<data_U_z3_gal2.png, id=47, 433.62pt x 325.215pt>
File: data_U_z3_gal2.png Graphic file (type png)
 <use data_U_z3_gal2.png>
<data_U_z1_gal2.png, id=48, 433.62pt x 325.215pt>
File: data_U_z1_gal2.png Graphic file (type png)
 <use data_U_z1_gal2.png>
<data_U_z3_qso4.png, id=49, 433.62pt x 325.215pt>
File: data_U_z3_qso4.png Graphic file (type png)
 <use data_U_z3_qso4.png>
<data_U_z1_qso4.png, id=50, 433.62pt x 325.215pt>
File: data_U_z1_qso4.png Graphic file (type png)
 <use data_U_z1_qso4.png>
Underfull \hbox (badness 10000) in paragraph at lines 209--209
$[]$
 []


Underfull \hbox (badness 10000) in paragraph at lines 209--209

 []

[5] <T_rho_z4_gal2_ok.png, id=54, 578.16pt x 433.62pt>
File: T_rho_z4_gal2_ok.png Graphic file (type png)

<use T_rho_z4_gal2_ok.png> <T_rho_z4_qso4_ok.png, id=55, 578.16pt x 433.62pt>
File: T_rho_z4_qso4_ok.png Graphic file (type png)

<use T_rho_z4_qso4_ok.png> <T_rho_z3_gal2_ok.png, id=56, 578.16pt x 433.62pt>
File: T_rho_z3_gal2_ok.png Graphic file (type png)

<use T_rho_z3_gal2_ok.png> <T_rho_z3_qso4_ok.png, id=57, 578.16pt x 433.62pt>
File: T_rho_z3_qso4_ok.png Graphic file (type png)

<use T_rho_z3_qso4_ok.png> <T_rho_z2_gal2_ok.png, id=58, 578.16pt x 433.62pt>
File: T_rho_z2_gal2_ok.png Graphic file (type png)

<use T_rho_z2_gal2_ok.png> <T_rho_z2_qso4_ok.png, id=59, 578.16pt x 433.62pt>
File: T_rho_z2_qso4_ok.png Graphic file (type png)

<use T_rho_z2_qso4_ok.png> <T_rho_z1_gal2_ok.png, id=60, 578.16pt x 433.62pt>
File: T_rho_z1_gal2_ok.png Graphic file (type png)

<use T_rho_z1_gal2_ok.png> <T_rho_z1_qso4_ok.png, id=61, 578.16pt x 433.62pt>
File: T_rho_z1_qso4_ok.png Graphic file (type png)

<use T_rho_z1_qso4_ok.png>
Underfull \hbox (badness 10000) in paragraph at lines 239--239
$[]$
 []


Underfull \hbox (badness 10000) in paragraph at lines 239--239

 []

<full_PDF_256_gal_qso.pdf, id=62, 361.35pt x 325.215pt>
File: full_PDF_256_gal_qso.pdf Graphic file (type pdf)

<use full_PDF_256_gal_qso.pdf>
Underfull \hbox (badness 10000) in paragraph at lines 247--247
$[]$
 []


Underfull \hbox (badness 10000) in paragraph at lines 247--247

 []


LaTeX Warning: `h' float specifier changed to `ht'.

<delta_deltah_z1_gal2_ok.png, id=63, 578.16pt x 433.62pt>
File: delta_deltah_z1_gal2_ok.png Graphic file (type png)

<use delta_deltah_z1_gal2_ok.png>
File: delta_deltah_z1_gal2_ok.png Graphic file (type png)
 <use delta_deltah_z1_gal2_ok.png>
<delta_deltah_z3_qso4_512b.png, id=64, 578.16pt x 433.62pt>
File: delta_deltah_z3_qso4_512b.png Graphic file (type png)

<use delta_deltah_z3_qso4_512b.png>
File: delta_deltah_z3_qso4_512b.png Graphic file (type png)
 <use delta_deltah_z3_qso4_512b.png>
Underfull \hbox (badness 10000) in paragraph at lines 261--261
$[]$
 []


Underfull \hbox (badness 10000) in paragraph at lines 261--261

 []


LaTeX Warning: `h' float specifier changed to `ht'.

[6 <./data_rho_z3_qso4.png> <./data_rho_z1_qso4.png> <./data_delta_z3_gal2.png>
 <./data_delta_z1_gal2.png> <./data_delta_z3_qso4.png> <./data_delta_z1_qso4.pn
g>] [7 <./data_U_z3_gal2.png> <./data_U_z1_gal2.png> <./data_U_z3_qso4.png> <./
data_U_z1_qso4.png>] [8 <./T_rho_z4_gal2_ok.png> <./T_rho_z4_qso4_ok.png> <./T_
rho_z3_gal2_ok.png> <./T_rho_z3_qso4_ok.png> <./T_rho_z2_gal2_ok.png> <./T_rho_
z2_qso4_ok.png> <./T_rho_z1_gal2_ok.png> <./T_rho_z1_qso4_ok.png>]

LaTeX Warning: A float is stuck (cannot be placed) on input line 278.


LaTeX Warning: A float is stuck (cannot be placed) on input line 278.


Class revtex4 Warning: Deferred float stuck during \clearpage processing.


Underfull \hbox (badness 1314) in paragraph at lines 293--304
\OT1/cmr/m/n/10 NASA grant NNX13AH43G, and NSF grant AST-
 []

[9 <./full_PDF_256_gal_qso.pdf

pdfTeX warning: /usr/bin/pdflatex (file ./full_PDF_256_gal_qso.pdf): PDF inclus
ion: Page Group detected which pdfTeX can't handle. Ignoring it.
> <./delta_deltah_z1_gal2_ok.png> <./delta_deltah_z3_qso4_512b.png>] [10]
<newtonian_window-eps-converted-to.pdf, id=125, 361.35pt x 361.35pt>
File: newtonian_window-eps-converted-to.pdf Graphic file (type pdf)

<use newtonian_window-eps-converted-to.pdf>
Underfull \hbox (badness 10000) in paragraph at lines 395--395
$[]$
 []


Underfull \hbox (badness 10000) in paragraph at lines 395--395

 []

[11 <./newtonian_window-eps-converted-to.pdf>]
<window_nobiases-eps-converted-to.pdf, id=140, 361.35pt x 361.35pt>
File: window_nobiases-eps-converted-to.pdf Graphic file (type pdf)

<use window_nobiases-eps-converted-to.pdf>
Underfull \hbox (badness 10000) in paragraph at lines 482--482
$[]$
 []


Underfull \hbox (badness 10000) in paragraph at lines 482--482

 []


LaTeX Warning: `h' float specifier changed to `ht'.

[12]
Overfull \hbox (16.02187pt too wide) in alignment at lines 546--552
 [][][] []
 []

[13 <./window_nobiases-eps-converted-to.pdf>] (./window.bbl
Underfull \hbox (badness 10000) in paragraph at lines 34--35
 []\OT1/cmr/m/n/8 Allevato, V., Finoguenov, A., & Cap-pel-luti, N. 2014,
 []


Underfull \hbox (badness 7468) in paragraph at lines 212--214
 []\OT1/cmr/m/n/8 Peebles, P. 1982, Prin-ci-ples of Phys-i-cal Cos-mol-ogy, ed.

 []

[14]) [15] (./window.aux)

LaTeX Font Warning: Some font shapes were not available, defaults substituted.


LaTeX Warning: There were multiply-defined labels.

 ) 
Here is how much of TeX's memory you used:
 3807 strings out of 256216
 46989 string characters out of 1917073
 128535 words of memory out of 1500000
 7013 multiletter control sequences out of 10000+200000
 14491 words of font info for 58 fonts, out of 1200000 for 2000
 645 hyphenation exceptions out of 8191
 33i,11n,26p,2468b,394s stack positions out of 5000i,500n,6000p,200000b,15000s
</usr/share/texmf/fonts/type1/bluesky/cm/cmbx10.pfb></usr/share/texmf/fonts/t
ype1/bluesky/cm/cmbx7.pfb></usr/share/texmf/fonts/type1/bluesky/cm/cmbxti10.pfb
></usr/share/texmf/fonts/type1/bluesky/cm/cmcsc10.pfb></usr/share/texmf/fonts/t
ype1/bluesky/cm/cmex10.pfb></usr/share/texmf/fonts/type1/bluesky/cm/cmmi10.pfb>
</usr/share/texmf/fonts/type1/bluesky/cm/cmmi12.pfb></usr/share/texmf/fonts/typ
e1/bluesky/cm/cmmi5.pfb></usr/share/texmf/fonts/type1/bluesky/cm/cmmi6.pfb></us
r/share/texmf/fonts/type1/bluesky/cm/cmmi7.pfb></usr/share/texmf/fonts/type1/bl
uesky/cm/cmmi8.pfb></usr/share/texmf/fonts/type1/bluesky/cm/cmr10.pfb></usr/sha
re/texmf/fonts/type1/bluesky/cm/cmr12.pfb></usr/share/texmf/fonts/type1/bluesky
/cm/cmr5.pfb></usr/share/texmf/fonts/type1/bluesky/cm/cmr6.pfb></usr/share/texm
f/fonts/type1/bluesky/cm/cmr7.pfb></usr/share/texmf/fonts/type1/bluesky/cm/cmr8
.pfb></usr/share/texmf/fonts/type1/bluesky/cm/cmr9.pfb></usr/share/texmf/fonts/
type1/bluesky/cm/cmsy10.pfb></usr/share/texmf/fonts/type1/bluesky/cm/cmsy5.pfb>
</usr/share/texmf/fonts/type1/bluesky/cm/cmsy6.pfb></usr/share/texmf/fonts/type
1/bluesky/cm/cmsy7.pfb></usr/share/texmf/fonts/type1/bluesky/cm/cmsy8.pfb></usr
/share/texmf/fonts/type1/bluesky/cm/cmti10.pfb></usr/share/texmf/fonts/type1/bl
uesky/cm/cmti8.pfb></usr/share/texmf/fonts/type1/bluesky/ams/msam10.pfb></usr/s
hare/texmf/fonts/type1/urw/ncntrsbk/uncr8a.pfb>
Output written on window.pdf (15 pages, 5774245 bytes).
PDF statistics:
 237 PDF objects out of 1000 (max. 8388607)
 0 named destinations out of 1000 (max. 131072)
 121 words of extra memory for PDF output out of 10000 (max. 10000000)

